  1%|▏                                       | 9/1549 [01:00<2:57:26,  6.91s/it]{'hit@1': 0.0375, 'hit@5': 0.05625, 'hit@10': 0.05625, 'ndcg@5': 0.04698614100503749, 'ndcg@10': 0.04698614100503749}
  1%|▍                                      | 19/1549 [02:13<3:05:42,  7.28s/it]{'hit@1': 0.034375, 'hit@5': 0.04375, 'hit@10': 0.05, 'ndcg@5': 0.03911807050251875, 'ndcg@10': 0.041272884628897985}
  2%|▋                                      | 29/1549 [03:26<3:04:23,  7.28s/it]{'hit@1': 0.04791666666666667, 'hit@5': 0.06041666666666667, 'hit@10': 0.06666666666666667, 'ndcg@5': 0.05447648398828637, 'ndcg@10': 0.056655125045680904}
  3%|▉                                      | 39/1549 [04:39<3:03:38,  7.30s/it]{'hit@1': 0.0484375, 'hit@5': 0.0625, 'hit@10': 0.0703125, 'ndcg@5': 0.055728898242474144, 'ndcg@10': 0.058404545702186714}
  3%|█▏                                     | 49/1549 [05:50<2:51:51,  6.87s/it]{'hit@1': 0.05, 'hit@5': 0.065, 'hit@10': 0.07125, 'ndcg@5': 0.057480030300614236, 'ndcg@10': 0.05962054826838429}
  4%|█▍                                     | 59/1549 [07:02<2:59:41,  7.24s/it]{'hit@1': 0.051041666666666666, 'hit@5': 0.065625, 'hit@10': 0.075, 'ndcg@5': 0.05845307707714879, 'ndcg@10': 0.06149985557282499}
  4%|█▋                                     | 69/1549 [08:13<2:58:36,  7.24s/it]{'hit@1': 0.049107142857142856, 'hit@5': 0.06428571428571428, 'hit@10': 0.07410714285714286, 'ndcg@5': 0.056854071701524726, 'ndcg@10': 0.05999246650315956}
  5%|█▉                                     | 79/1549 [09:26<2:58:37,  7.29s/it]{'hit@1': 0.05, 'hit@5': 0.0671875, 'hit@10': 0.0765625, 'ndcg@5': 0.0589302364707569, 'ndcg@10': 0.06191151160629986}
  6%|██▏                                    | 89/1549 [10:39<2:57:18,  7.29s/it]{'hit@1': 0.04652777777777778, 'hit@5': 0.06388888888888888, 'hit@10': 0.07430555555555556, 'ndcg@5': 0.05550207330019936, 'ndcg@10': 0.05878095654482616}
  6%|██▍                                    | 99/1549 [11:50<2:52:43,  7.15s/it]{'hit@1': 0.045, 'hit@5': 0.061875, 'hit@10': 0.071875, 'ndcg@5': 0.05365853881897529, 'ndcg@10': 0.05683216323108192}
  7%|██▋                                   | 109/1549 [13:03<2:54:56,  7.29s/it]{'hit@1': 0.04318181818181818, 'hit@5': 0.06079545454545455, 'hit@10': 0.06988636363636364, 'ndcg@5': 0.05204651592826238, 'ndcg@10': 0.0549316290301775}
  8%|██▉                                   | 119/1549 [14:15<2:53:05,  7.26s/it]{'hit@1': 0.041666666666666664, 'hit@5': 0.058854166666666666, 'hit@10': 0.06822916666666666, 'ndcg@5': 0.05034555955488886, 'ndcg@10': 0.053332557597671484}
  8%|███▏                                  | 129/1549 [15:27<2:52:52,  7.30s/it]{'hit@1': 0.041346153846153845, 'hit@5': 0.06009615384615385, 'hit@10': 0.06971153846153846, 'ndcg@5': 0.05099713758024374, 'ndcg@10': 0.05407034595760654}
  9%|███▍                                  | 139/1549 [16:41<2:51:55,  7.32s/it]{'hit@1': 0.040625, 'hit@5': 0.059375, 'hit@10': 0.06964285714285715, 'ndcg@5': 0.050431622958759525, 'ndcg@10': 0.053713114299541044}
 10%|███▋                                  | 149/1549 [17:50<2:46:04,  7.12s/it]{'hit@1': 0.041666666666666664, 'hit@5': 0.06125, 'hit@10': 0.07166666666666667, 'ndcg@5': 0.051847115461377796, 'ndcg@10': 0.05518368953892889}
 10%|███▉                                  | 159/1549 [19:02<2:46:42,  7.20s/it]{'hit@1': 0.0421875, 'hit@5': 0.0609375, 'hit@10': 0.070703125, 'ndcg@5': 0.05197812768003054, 'ndcg@10': 0.05510616587773468}
 11%|████▏                                 | 169/1549 [20:15<2:47:48,  7.30s/it]{'hit@1': 0.04301470588235294, 'hit@5': 0.061764705882352944, 'hit@10': 0.07205882352941176, 'ndcg@5': 0.052739286642688496, 'ndcg@10': 0.05603562670318798}
 12%|████▍                                 | 179/1549 [21:24<2:32:44,  6.69s/it]{'hit@1': 0.044444444444444446, 'hit@5': 0.06284722222222222, 'hit@10': 0.07395833333333333, 'ndcg@5': 0.053997384020749155, 'ndcg@10': 0.05757529502599881}
 12%|████▋                                 | 189/1549 [22:35<2:42:35,  7.17s/it]{'hit@1': 0.04473684210526316, 'hit@5': 0.06282894736842105, 'hit@10': 0.075, 'ndcg@5': 0.05420208075226989, 'ndcg@10': 0.05811163635529826}
 13%|████▉                                 | 199/1549 [23:45<2:36:49,  6.97s/it]{'hit@1': 0.045, 'hit@5': 0.0625, 'hit@10': 0.0746875, 'ndcg@5': 0.0541482267146564, 'ndcg@10': 0.05806395204172894}
 13%|█████▏                                | 209/1549 [24:58<2:42:51,  7.29s/it]{'hit@1': 0.04494047619047619, 'hit@5': 0.06190476190476191, 'hit@10': 0.07351190476190476, 'ndcg@5': 0.05384084977394998, 'ndcg@10': 0.05757011199020954}
 14%|█████▎                                | 219/1549 [26:09<2:34:01,  6.95s/it]{'hit@1': 0.04602272727272727, 'hit@5': 0.06392045454545454, 'hit@10': 0.07613636363636364, 'ndcg@5': 0.05539336480480761, 'ndcg@10': 0.05929589626533707}
 15%|█████▌                                | 229/1549 [27:19<2:33:16,  6.97s/it]{'hit@1': 0.04673913043478261, 'hit@5': 0.06467391304347826, 'hit@10': 0.07690217391304348, 'ndcg@5': 0.05609111974755331, 'ndcg@10': 0.06000513534748005}
 15%|█████▊                                | 239/1549 [28:32<2:39:06,  7.29s/it]{'hit@1': 0.047135416666666666, 'hit@5': 0.06458333333333334, 'hit@10': 0.07708333333333334, 'ndcg@5': 0.05622794809140526, 'ndcg@10': 0.06022247171963226}
 16%|██████                                | 249/1549 [29:43<2:36:03,  7.20s/it]{'hit@1': 0.04725, 'hit@5': 0.064, 'hit@10': 0.07675, 'ndcg@5': 0.055978830167749044, 'ndcg@10': 0.06006121547987331}
 17%|██████▎                               | 259/1549 [30:55<2:35:05,  7.21s/it]{'hit@1': 0.047596153846153844, 'hit@5': 0.06442307692307692, 'hit@10': 0.07692307692307693, 'ndcg@5': 0.05641278369666805, 'ndcg@10': 0.060423780916765424}
 17%|██████▌                               | 269/1549 [32:07<2:33:11,  7.18s/it]{'hit@1': 0.04675925925925926, 'hit@5': 0.06365740740740741, 'hit@10': 0.07662037037037037, 'ndcg@5': 0.05565718511233379, 'ndcg@10': 0.059806407674302786}
 18%|██████▊                               | 279/1549 [33:16<2:22:57,  6.75s/it]{'hit@1': 0.04642857142857143, 'hit@5': 0.06339285714285714, 'hit@10': 0.07633928571428572, 'ndcg@5': 0.05535728705288545, 'ndcg@10': 0.059502357026352405}
 19%|███████                               | 289/1549 [34:27<2:30:59,  7.19s/it]{'hit@1': 0.04655172413793104, 'hit@5': 0.06314655172413793, 'hit@10': 0.07629310344827586, 'ndcg@5': 0.05530852925657291, 'ndcg@10': 0.05951772114694868}
 19%|███████▎                              | 299/1549 [35:38<2:30:13,  7.21s/it]{'hit@1': 0.04645833333333333, 'hit@5': 0.063125, 'hit@10': 0.07604166666666666, 'ndcg@5': 0.0552250072644537, 'ndcg@10': 0.05935961460781396}
 20%|███████▌                              | 309/1549 [36:50<2:25:14,  7.03s/it]{'hit@1': 0.04758064516129032, 'hit@5': 0.06451612903225806, 'hit@10': 0.07762096774193548, 'ndcg@5': 0.056483754786659006, 'ndcg@10': 0.06068469949719018}
 21%|███████▊                              | 319/1549 [38:01<2:26:33,  7.15s/it]{'hit@1': 0.0482421875, 'hit@5': 0.065234375, 'hit@10': 0.0783203125, 'ndcg@5': 0.05714997712123206, 'ndcg@10': 0.06134800894681928}
 21%|████████                              | 329/1549 [39:12<2:20:05,  6.89s/it]{'hit@1': 0.04924242424242424, 'hit@5': 0.06609848484848485, 'hit@10': 0.07897727272727273, 'ndcg@5': 0.05811926938785058, 'ndcg@10': 0.06224483525401052}
 22%|████████▎                             | 339/1549 [40:23<2:24:57,  7.19s/it]{'hit@1': 0.04926470588235294, 'hit@5': 0.065625, 'hit@10': 0.07904411764705882, 'ndcg@5': 0.05788046734703145, 'ndcg@10': 0.0621869676957035}
 23%|████████▌                             | 349/1549 [41:32<2:17:48,  6.89s/it]{'hit@1': 0.04964285714285714, 'hit@5': 0.06607142857142857, 'hit@10': 0.07946428571428571, 'ndcg@5': 0.05831469257733347, 'ndcg@10': 0.0626082384289809}
 23%|████████▊                             | 359/1549 [42:40<2:15:17,  6.82s/it]{'hit@1': 0.049479166666666664, 'hit@5': 0.06597222222222222, 'hit@10': 0.07934027777777777, 'ndcg@5': 0.05816158638054633, 'ndcg@10': 0.062442897429448294}
 24%|█████████                             | 369/1549 [43:51<2:09:40,  6.59s/it]{'hit@1': 0.04864864864864865, 'hit@5': 0.0652027027027027, 'hit@10': 0.07871621621621622, 'ndcg@5': 0.05731896400629305, 'ndcg@10': 0.061642569574930986}
 24%|█████████▎                            | 379/1549 [45:03<2:17:26,  7.05s/it]{'hit@1': 0.049342105263157895, 'hit@5': 0.06578947368421052, 'hit@10': 0.07911184210526316, 'ndcg@5': 0.05795165287468106, 'ndcg@10': 0.06220902290636766}
 25%|█████████▌                            | 389/1549 [46:07<2:06:37,  6.55s/it]{'hit@1': 0.04935897435897436, 'hit@5': 0.06602564102564103, 'hit@10': 0.07916666666666666, 'ndcg@5': 0.0580711269293056, 'ndcg@10': 0.062276418111959844}
 26%|█████████▊                            | 399/1549 [47:18<2:13:31,  6.97s/it]{'hit@1': 0.04921875, 'hit@5': 0.065625, 'hit@10': 0.07875, 'ndcg@5': 0.05777354450720336, 'ndcg@10': 0.0619700307341115}
 26%|██████████                            | 409/1549 [48:29<2:11:16,  6.91s/it]{'hit@1': 0.04908536585365854, 'hit@5': 0.06615853658536586, 'hit@10': 0.07972560975609756, 'ndcg@5': 0.05799710418782375, 'ndcg@10': 0.062324157497371156}
 27%|██████████▎                           | 419/1549 [49:38<2:11:18,  6.97s/it]{'hit@1': 0.050148809523809526, 'hit@5': 0.06711309523809524, 'hit@10': 0.08065476190476191, 'ndcg@5': 0.05899981935013837, 'ndcg@10': 0.06331987020193254}
 28%|██████████▌                           | 429/1549 [50:43<2:05:56,  6.75s/it]{'hit@1': 0.05, 'hit@5': 0.06671511627906977, 'hit@10': 0.08052325581395349, 'ndcg@5': 0.058717846807111895, 'ndcg@10': 0.06311960111485601}
 28%|██████████▊                           | 439/1549 [51:53<2:10:33,  7.06s/it]{'hit@1': 0.05028409090909091, 'hit@5': 0.06661931818181818, 'hit@10': 0.08082386363636364, 'ndcg@5': 0.05880380483422299, 'ndcg@10': 0.06332785827606882}
 29%|███████████                           | 449/1549 [52:59<2:03:34,  6.74s/it]{'hit@1': 0.050555555555555555, 'hit@5': 0.06694444444444445, 'hit@10': 0.0811111111111111, 'ndcg@5': 0.05905321780631561, 'ndcg@10': 0.06356684758974807}
 30%|███████████▎                          | 459/1549 [54:07<1:59:52,  6.60s/it]{'hit@1': 0.05013586956521739, 'hit@5': 0.06657608695652174, 'hit@10': 0.08084239130434782, 'ndcg@5': 0.058621857855970315, 'ndcg@10': 0.06316952585872458}
 30%|███████████▌                          | 469/1549 [55:13<2:05:13,  6.96s/it]{'hit@1': 0.050398936170212766, 'hit@5': 0.06715425531914894, 'hit@10': 0.08125, 'ndcg@5': 0.05899750744580905, 'ndcg@10': 0.06348685602647251}
 31%|███████████▊                          | 479/1549 [56:20<1:57:07,  6.57s/it]{'hit@1': 0.050130208333333336, 'hit@5': 0.0671875, 'hit@10': 0.08138020833333333, 'ndcg@5': 0.05887076792606374, 'ndcg@10': 0.06339401098248933}
 32%|███████████▉                          | 489/1549 [57:30<2:02:59,  6.96s/it]{'hit@1': 0.05012755102040816, 'hit@5': 0.06747448979591837, 'hit@10': 0.08150510204081633, 'ndcg@5': 0.05903316756854411, 'ndcg@10': 0.06350097005574645}
 32%|████████████▏                         | 499/1549 [58:37<1:52:43,  6.44s/it]{'hit@1': 0.05, 'hit@5': 0.067375, 'hit@10': 0.081375, 'ndcg@5': 0.05892270500612884, 'ndcg@10': 0.06338448477692046}
 33%|████████████▍                         | 509/1549 [59:41<1:56:37,  6.73s/it]{'hit@1': 0.050612745098039216, 'hit@5': 0.06862745098039216, 'hit@10': 0.08259803921568627, 'ndcg@5': 0.05986259944635877, 'ndcg@10': 0.06431421316203333}
 34%|████████████                        | 519/1549 [1:00:51<1:57:38,  6.85s/it]{'hit@1': 0.050841346153846154, 'hit@5': 0.06911057692307693, 'hit@10': 0.0829326923076923, 'ndcg@5': 0.06020546731254339, 'ndcg@10': 0.0646115371747114}
 34%|████████████▎                       | 529/1549 [1:01:59<1:57:11,  6.89s/it]{'hit@1': 0.05058962264150944, 'hit@5': 0.06910377358490566, 'hit@10': 0.08266509433962264, 'ndcg@5': 0.06005245282623526, 'ndcg@10': 0.06437538929477743}
 35%|████████████▌                       | 539/1549 [1:03:08<1:54:20,  6.79s/it]{'hit@1': 0.050462962962962966, 'hit@5': 0.06875, 'hit@10': 0.08229166666666667, 'ndcg@5': 0.05979533018214231, 'ndcg@10': 0.06410512542587767}
 35%|████████████▊                       | 549/1549 [1:04:16<1:51:57,  6.72s/it]{'hit@1': 0.05034090909090909, 'hit@5': 0.0684090909090909, 'hit@10': 0.08181818181818182, 'ndcg@5': 0.0595752934690092, 'ndcg@10': 0.06383957707494003}
 36%|████████████▉                       | 559/1549 [1:05:21<1:48:13,  6.56s/it]{'hit@1': 0.051004464285714285, 'hit@5': 0.06908482142857143, 'hit@10': 0.08247767857142857, 'ndcg@5': 0.06024334431786684, 'ndcg@10': 0.06449894983519887}
 37%|█████████████▏                      | 569/1549 [1:06:25<1:40:28,  6.15s/it]{'hit@1': 0.0506578947368421, 'hit@5': 0.06853070175438597, 'hit@10': 0.08168859649122807, 'ndcg@5': 0.05980387004842745, 'ndcg@10': 0.06398481581984138}
 37%|█████████████▍                      | 579/1549 [1:07:32<1:39:19,  6.14s/it]{'hit@1': 0.05075431034482759, 'hit@5': 0.06885775862068966, 'hit@10': 0.0822198275862069, 'ndcg@5': 0.06002527020096422, 'ndcg@10': 0.06427331179008752}
 38%|█████████████▋                      | 589/1549 [1:08:38<1:44:26,  6.53s/it]{'hit@1': 0.050423728813559325, 'hit@5': 0.06843220338983051, 'hit@10': 0.08177966101694915, 'ndcg@5': 0.05965735563755502, 'ndcg@10': 0.06390644106843485}
 39%|█████████████▉                      | 599/1549 [1:09:45<1:42:39,  6.48s/it]{'hit@1': 0.050625, 'hit@5': 0.06854166666666667, 'hit@10': 0.08166666666666667, 'ndcg@5': 0.05981075206034639, 'ndcg@10': 0.06398901940071156}
 39%|██████████████▏                     | 609/1549 [1:10:51<1:46:51,  6.82s/it]{'hit@1': 0.050204918032786885, 'hit@5': 0.06854508196721311, 'hit@10': 0.08165983606557377, 'ndcg@5': 0.059581816773098276, 'ndcg@10': 0.06375204846259494}
 40%|██████████████▍                     | 619/1549 [1:11:58<1:47:30,  6.94s/it]{'hit@1': 0.050201612903225806, 'hit@5': 0.06854838709677419, 'hit@10': 0.08155241935483871, 'ndcg@5': 0.05958469133236734, 'ndcg@10': 0.06371680081984772}
 41%|██████████████▌                     | 629/1549 [1:13:01<1:34:35,  6.17s/it]{'hit@1': 0.0501984126984127, 'hit@5': 0.0683531746031746, 'hit@10': 0.0816468253968254, 'ndcg@5': 0.0594951456121682, 'ndcg@10': 0.06371764089800547}
 41%|██████████████▊                     | 639/1549 [1:14:08<1:40:52,  6.65s/it]{'hit@1': 0.0501953125, 'hit@5': 0.06845703125, 'hit@10': 0.08193359375, 'ndcg@5': 0.05956089881209684, 'ndcg@10': 0.06383465665326157}
 42%|███████████████                     | 649/1549 [1:15:14<1:34:44,  6.32s/it]{'hit@1': 0.05048076923076923, 'hit@5': 0.06865384615384615, 'hit@10': 0.08201923076923077, 'ndcg@5': 0.05979175773018702, 'ndcg@10': 0.06403181673276974}
 43%|███████████████▎                    | 659/1549 [1:16:16<1:32:33,  6.24s/it]{'hit@1': 0.05056818181818182, 'hit@5': 0.06884469696969697, 'hit@10': 0.0821969696969697, 'ndcg@5': 0.05995811990650878, 'ndcg@10': 0.06418868271706712}
 43%|███████████████▌                    | 669/1549 [1:17:21<1:35:54,  6.54s/it]{'hit@1': 0.05009328358208955, 'hit@5': 0.0681902985074627, 'hit@10': 0.08171641791044776, 'ndcg@5': 0.059389715131784766, 'ndcg@10': 0.06367372119484686}
 44%|███████████████▊                    | 679/1549 [1:18:24<1:28:35,  6.11s/it]{'hit@1': 0.05027573529411765, 'hit@5': 0.06838235294117648, 'hit@10': 0.08170955882352941, 'ndcg@5': 0.0595685850488614, 'ndcg@10': 0.06378959102276083}
 44%|████████████████                    | 689/1549 [1:19:30<1:38:42,  6.89s/it]{'hit@1': 0.05036231884057971, 'hit@5': 0.06847826086956521, 'hit@10': 0.08197463768115942, 'ndcg@5': 0.05965796991779148, 'ndcg@10': 0.06392492683371225}
 45%|████████████████▏                   | 699/1549 [1:20:32<1:32:48,  6.55s/it]{'hit@1': 0.05026785714285714, 'hit@5': 0.06830357142857142, 'hit@10': 0.081875, 'ndcg@5': 0.05951380932593673, 'ndcg@10': 0.06380514288350368}
 46%|████████████████▍                   | 709/1549 [1:21:35<1:25:00,  6.07s/it]{'hit@1': 0.05008802816901409, 'hit@5': 0.0682218309859155, 'hit@10': 0.08177816901408451, 'ndcg@5': 0.05938680046856885, 'ndcg@10': 0.06368040524136515}
 46%|████████████████▋                   | 719/1549 [1:22:40<1:25:42,  6.20s/it]{'hit@1': 0.05026041666666667, 'hit@5': 0.06875, 'hit@10': 0.08229166666666667, 'ndcg@5': 0.05972110658071718, 'ndcg@10': 0.0640091055719166}
 47%|████████████████▉                   | 729/1549 [1:23:45<1:22:43,  6.05s/it]{'hit@1': 0.05025684931506849, 'hit@5': 0.06892123287671233, 'hit@10': 0.08253424657534246, 'ndcg@5': 0.05983561105056302, 'ndcg@10': 0.06414712520029155}
 48%|█████████████████▏                  | 739/1549 [1:24:49<1:31:25,  6.77s/it]{'hit@1': 0.05008445945945946, 'hit@5': 0.06866554054054054, 'hit@10': 0.08226351351351352, 'ndcg@5': 0.05962929618447192, 'ndcg@10': 0.06394271676243181}
 48%|█████████████████▍                  | 749/1549 [1:25:50<1:21:16,  6.10s/it]{'hit@1': 0.05025, 'hit@5': 0.06891666666666667, 'hit@10': 0.08266666666666667, 'ndcg@5': 0.05984450662061977, 'ndcg@10': 0.06421074024499342}
 49%|█████████████████▋                  | 759/1549 [1:26:50<1:21:05,  6.16s/it]{'hit@1': 0.0506578947368421, 'hit@5': 0.0694078947368421, 'hit@10': 0.08314144736842105, 'ndcg@5': 0.060279229651610526, 'ndcg@10': 0.06464136794952195}
 50%|█████████████████▊                  | 769/1549 [1:27:52<1:21:37,  6.28s/it]{'hit@1': 0.05089285714285714, 'hit@5': 0.0698051948051948, 'hit@10': 0.08344155844155844, 'ndcg@5': 0.06061279017373743, 'ndcg@10': 0.06494719024595422}
 50%|██████████████████                  | 779/1549 [1:28:56<1:21:59,  6.39s/it]{'hit@1': 0.051201923076923075, 'hit@5': 0.0702724358974359, 'hit@10': 0.08389423076923076, 'ndcg@5': 0.06100249849776362, 'ndcg@10': 0.06533399257408436}
 51%|██████████████████▎                 | 789/1549 [1:29:52<1:11:14,  5.62s/it]{'hit@1': 0.051582278481012656, 'hit@5': 0.07064873417721519, 'hit@10': 0.08409810126582279, 'ndcg@5': 0.061376856338750646, 'ndcg@10': 0.06565352137613062}
 52%|██████████████████▌                 | 799/1549 [1:30:56<1:15:08,  6.01s/it]{'hit@1': 0.0515625, 'hit@5': 0.070546875, 'hit@10': 0.0840625, 'ndcg@5': 0.06132299952151403, 'ndcg@10': 0.06562472229258512}
 52%|██████████████████▊                 | 809/1549 [1:31:58<1:20:25,  6.52s/it]{'hit@1': 0.05177469135802469, 'hit@5': 0.07106481481481482, 'hit@10': 0.08456790123456791, 'ndcg@5': 0.06167204520073252, 'ndcg@10': 0.0659671155295163}
 53%|███████████████████                 | 819/1549 [1:32:57<1:18:59,  6.49s/it]{'hit@1': 0.05198170731707317, 'hit@5': 0.0711890243902439, 'hit@10': 0.08460365853658537, 'ndcg@5': 0.061839276837891644, 'ndcg@10': 0.06610601283925015}
 54%|███████████████████▎                | 829/1549 [1:33:59<1:10:28,  5.87s/it]{'hit@1': 0.052033132530120485, 'hit@5': 0.07153614457831325, 'hit@10': 0.08493975903614458, 'ndcg@5': 0.06200742874348437, 'ndcg@10': 0.06627468151895612}
 54%|███████████████████▍                | 839/1549 [1:35:03<1:14:28,  6.29s/it]{'hit@1': 0.0521577380952381, 'hit@5': 0.07180059523809523, 'hit@10': 0.0853422619047619, 'ndcg@5': 0.0621967928119909, 'ndcg@10': 0.06651426329159707}
 55%|███████████████████▋                | 849/1549 [1:36:03<1:04:03,  5.49s/it]{'hit@1': 0.0524264705882353, 'hit@5': 0.07213235294117647, 'hit@10': 0.08566176470588235, 'ndcg@5': 0.06248746549714693, 'ndcg@10': 0.06680316181424792}
 55%|███████████████████▉                | 859/1549 [1:37:03<1:06:31,  5.78s/it]{'hit@1': 0.052688953488372096, 'hit@5': 0.07223837209302325, 'hit@10': 0.08590116279069768, 'ndcg@5': 0.06266107438724075, 'ndcg@10': 0.06701984120785776}
 56%|████████████████████▏               | 869/1549 [1:38:01<1:05:51,  5.81s/it]{'hit@1': 0.05272988505747126, 'hit@5': 0.07262931034482759, 'hit@10': 0.08620689655172414, 'ndcg@5': 0.06286861238268658, 'ndcg@10': 0.06719890415332984}
 57%|████████████████████▍               | 879/1549 [1:38:58<1:02:00,  5.55s/it]{'hit@1': 0.05262784090909091, 'hit@5': 0.07272727272727272, 'hit@10': 0.08622159090909091, 'ndcg@5': 0.06286202599763371, 'ndcg@10': 0.06716840871314948}
 57%|████████████████████▋               | 889/1549 [1:39:59<1:09:58,  6.36s/it]{'hit@1': 0.0523876404494382, 'hit@5': 0.07247191011235955, 'hit@10': 0.08595505617977528, 'ndcg@5': 0.06263056078327425, 'ndcg@10': 0.06693387122203044}
 58%|████████████████████▉               | 899/1549 [1:41:02<1:07:44,  6.25s/it]{'hit@1': 0.05277777777777778, 'hit@5': 0.07298611111111111, 'hit@10': 0.08645833333333333, 'ndcg@5': 0.06308601211293585, 'ndcg@10': 0.06738815188458737}
 59%|█████████████████████▏              | 909/1549 [1:42:05<1:09:54,  6.55s/it]{'hit@1': 0.0529532967032967, 'hit@5': 0.0731456043956044, 'hit@10': 0.08695054945054945, 'ndcg@5': 0.06323874339227913, 'ndcg@10': 0.06765366105429708}
 59%|█████████████████████▎              | 919/1549 [1:43:04<1:03:53,  6.08s/it]{'hit@1': 0.05278532608695652, 'hit@5': 0.07282608695652174, 'hit@10': 0.08682065217391305, 'ndcg@5': 0.06300183651801328, 'ndcg@10': 0.06747557480092196}
 60%|█████████████████████▌              | 929/1549 [1:44:04<1:03:54,  6.18s/it]{'hit@1': 0.05275537634408602, 'hit@5': 0.07264784946236559, 'hit@10': 0.08669354838709678, 'ndcg@5': 0.06289097514134603, 'ndcg@10': 0.06738471653209172}
 61%|███████████████████████               | 939/1549 [1:45:03<55:55,  5.50s/it]{'hit@1': 0.05299202127659575, 'hit@5': 0.0730718085106383, 'hit@10': 0.08710106382978723, 'ndcg@5': 0.06323324659104064, 'ndcg@10': 0.06772384126911175}
 61%|██████████████████████              | 949/1549 [1:46:04<1:00:52,  6.09s/it]{'hit@1': 0.05322368421052632, 'hit@5': 0.07328947368421053, 'hit@10': 0.08730263157894737, 'ndcg@5': 0.0634512306110082, 'ndcg@10': 0.06793432756240908}
 62%|██████████████████████▎             | 959/1549 [1:47:08<1:00:32,  6.16s/it]{'hit@1': 0.05377604166666667, 'hit@5': 0.07376302083333333, 'hit@10': 0.08782552083333334, 'ndcg@5': 0.06395764204722644, 'ndcg@10': 0.06845564827576701}
 63%|███████████████████████▊              | 969/1549 [1:48:05<54:13,  5.61s/it]{'hit@1': 0.05380154639175258, 'hit@5': 0.07358247422680413, 'hit@10': 0.08756443298969072, 'ndcg@5': 0.06387818181993545, 'ndcg@10': 0.06835014319539735}
 63%|████████████████████████              | 979/1549 [1:49:04<58:54,  6.20s/it]{'hit@1': 0.05363520408163265, 'hit@5': 0.07366071428571429, 'hit@10': 0.08762755102040816, 'ndcg@5': 0.06384843904478694, 'ndcg@10': 0.06831316484443598}
 64%|████████████████████████▎             | 989/1549 [1:50:04<55:48,  5.98s/it]{'hit@1': 0.05378787878787879, 'hit@5': 0.07392676767676767, 'hit@10': 0.0880050505050505, 'ndcg@5': 0.06403711530270212, 'ndcg@10': 0.06854245538642303}
 64%|████████████████████████▌             | 999/1549 [1:51:01<54:52,  5.99s/it]{'hit@1': 0.05375, 'hit@5': 0.0741875, 'hit@10': 0.0881875, 'ndcg@5': 0.06415281736425366, 'ndcg@10': 0.06863393738047072}
 65%|████████████████████████             | 1009/1549 [1:52:02<55:30,  6.17s/it]{'hit@1': 0.054084158415841584, 'hit@5': 0.07444306930693069, 'hit@10': 0.08842821782178217, 'ndcg@5': 0.06445396086519987, 'ndcg@10': 0.06893064355535451}
 66%|████████████████████████▎            | 1019/1549 [1:52:57<48:41,  5.51s/it]{'hit@1': 0.05435049019607843, 'hit@5': 0.07463235294117647, 'hit@10': 0.08854166666666667, 'ndcg@5': 0.06468792508181381, 'ndcg@10': 0.06913843103152073}
 66%|████████████████████████▌            | 1029/1549 [1:53:52<44:32,  5.14s/it]{'hit@1': 0.05424757281553398, 'hit@5': 0.07445388349514563, 'hit@10': 0.0883495145631068, 'ndcg@5': 0.06454111734789289, 'ndcg@10': 0.06898778332540112}
 67%|████████████████████████▊            | 1039/1549 [1:54:52<53:52,  6.34s/it]{'hit@1': 0.054447115384615385, 'hit@5': 0.07463942307692308, 'hit@10': 0.08852163461538462, 'ndcg@5': 0.06473553006039182, 'ndcg@10': 0.06917562112413363}
 68%|█████████████████████████            | 1049/1549 [1:55:52<48:57,  5.88s/it]{'hit@1': 0.05440476190476191, 'hit@5': 0.07476190476190477, 'hit@10': 0.0886904761904762, 'ndcg@5': 0.0647784886355578, 'ndcg@10': 0.0692385400050943}
 68%|█████████████████████████▎           | 1059/1549 [1:56:48<46:12,  5.66s/it]{'hit@1': 0.0548938679245283, 'hit@5': 0.07517688679245282, 'hit@10': 0.08909198113207548, 'ndcg@5': 0.06523232402057877, 'ndcg@10': 0.06969095630410793}
 69%|█████████████████████████▌           | 1069/1549 [1:57:44<44:53,  5.61s/it]{'hit@1': 0.05473130841121495, 'hit@5': 0.07523364485981308, 'hit@10': 0.08913551401869159, 'ndcg@5': 0.06519751540704496, 'ndcg@10': 0.06965237532169295}
 70%|█████████████████████████▊           | 1079/1549 [1:58:41<46:41,  5.96s/it]{'hit@1': 0.055092592592592596, 'hit@5': 0.07563657407407408, 'hit@10': 0.08964120370370371, 'ndcg@5': 0.06557866008850785, 'ndcg@10': 0.07007340294923882}
 70%|██████████████████████████           | 1089/1549 [1:59:37<45:06,  5.88s/it]{'hit@1': 0.05521788990825688, 'hit@5': 0.07563073394495413, 'hit@10': 0.08985091743119267, 'ndcg@5': 0.06563642467485181, 'ndcg@10': 0.07019802892736762}
 71%|██████████████████████████▎          | 1099/1549 [2:00:34<46:36,  6.22s/it]{'hit@1': 0.055113636363636365, 'hit@5': 0.075625, 'hit@10': 0.08982954545454545, 'ndcg@5': 0.06557657417319859, 'ndcg@10': 0.07013357283081191}
 72%|██████████████████████████▍          | 1109/1549 [2:01:28<39:46,  5.42s/it]{'hit@1': 0.05501126126126126, 'hit@5': 0.0758445945945946, 'hit@10': 0.08992117117117117, 'ndcg@5': 0.06561376952363274, 'ndcg@10': 0.07012971413928558}
 72%|██████████████████████████▋          | 1119/1549 [2:02:25<36:49,  5.14s/it]{'hit@1': 0.054966517857142856, 'hit@5': 0.07606026785714286, 'hit@10': 0.09017857142857143, 'ndcg@5': 0.06568937730059363, 'ndcg@10': 0.07021847571311764}
 73%|██████████████████████████▉          | 1129/1549 [2:03:20<38:05,  5.44s/it]{'hit@1': 0.05497787610619469, 'hit@5': 0.07599557522123894, 'hit@10': 0.09004424778761062, 'ndcg@5': 0.06566213627142942, 'ndcg@10': 0.0701708558919791}
 74%|███████████████████████████▏         | 1139/1549 [2:04:13<35:51,  5.25s/it]{'hit@1': 0.05520833333333333, 'hit@5': 0.07642543859649123, 'hit@10': 0.09046052631578948, 'ndcg@5': 0.06600228850951022, 'ndcg@10': 0.07050683471307186}
 74%|███████████████████████████▍         | 1149/1549 [2:05:11<39:42,  5.96s/it]{'hit@1': 0.05527173913043478, 'hit@5': 0.07646739130434782, 'hit@10': 0.09048913043478261, 'ndcg@5': 0.06605055443110576, 'ndcg@10': 0.0705504069355602}
 75%|███████████████████████████▋         | 1159/1549 [2:06:06<36:33,  5.62s/it]{'hit@1': 0.05554956896551724, 'hit@5': 0.07672413793103448, 'hit@10': 0.09073275862068965, 'ndcg@5': 0.06631960171573226, 'ndcg@10': 0.07081904678341426}
 75%|███████████████████████████▉         | 1169/1549 [2:07:05<34:41,  5.48s/it]{'hit@1': 0.05555555555555555, 'hit@5': 0.07676282051282052, 'hit@10': 0.09091880341880341, 'ndcg@5': 0.06634366528609166, 'ndcg@10': 0.07088877546275103}
 76%|████████████████████████████▏        | 1179/1549 [2:07:59<35:19,  5.73s/it]{'hit@1': 0.05566737288135593, 'hit@5': 0.0770656779661017, 'hit@10': 0.09110169491525423, 'ndcg@5': 0.0665735068711862, 'ndcg@10': 0.07108009916499253}
 77%|████████████████████████████▍        | 1189/1549 [2:08:53<36:03,  6.01s/it]{'hit@1': 0.05572478991596639, 'hit@5': 0.07720588235294118, 'hit@10': 0.09122899159663865, 'ndcg@5': 0.06668756699300332, 'ndcg@10': 0.07118803927294907}
 77%|████████████████████████████▋        | 1199/1549 [2:09:45<29:40,  5.09s/it]{'hit@1': 0.055625, 'hit@5': 0.07708333333333334, 'hit@10': 0.09125, 'ndcg@5': 0.06659500337539051, 'ndcg@10': 0.07113848350690787}
 78%|████████████████████████████▉        | 1209/1549 [2:10:42<31:57,  5.64s/it]{'hit@1': 0.05583677685950413, 'hit@5': 0.07742768595041322, 'hit@10': 0.09168388429752067, 'ndcg@5': 0.06686483473576708, 'ndcg@10': 0.07143804381228212}
 79%|█████████████████████████████        | 1219/1549 [2:11:33<28:25,  5.17s/it]{'hit@1': 0.05568647540983607, 'hit@5': 0.07720286885245901, 'hit@10': 0.09139344262295082, 'ndcg@5': 0.06668207634416097, 'ndcg@10': 0.0712360484193884}
 79%|█████████████████████████████▎       | 1229/1549 [2:12:26<28:11,  5.28s/it]{'hit@1': 0.0554369918699187, 'hit@5': 0.07708333333333334, 'hit@10': 0.0913109756097561, 'ndcg@5': 0.06650855043774814, 'ndcg@10': 0.07107492426742278}
 80%|█████████████████████████████▌       | 1239/1549 [2:13:20<29:44,  5.76s/it]{'hit@1': 0.055443548387096774, 'hit@5': 0.07706653225806452, 'hit@10': 0.09138104838709678, 'ndcg@5': 0.06650232132941983, 'ndcg@10': 0.07109268557651804}
 81%|█████████████████████████████▊       | 1249/1549 [2:14:11<25:46,  5.15s/it]{'hit@1': 0.05545, 'hit@5': 0.07715, 'hit@10': 0.0914, 'ndcg@5': 0.06656147604972387, 'ndcg@10': 0.0711329277422007}
 81%|██████████████████████████████       | 1259/1549 [2:15:04<24:18,  5.03s/it]{'hit@1': 0.055357142857142855, 'hit@5': 0.07713293650793651, 'hit@10': 0.09136904761904761, 'ndcg@5': 0.0665074963941529, 'ndcg@10': 0.07107800473858507}
 82%|██████████████████████████████▎      | 1269/1549 [2:15:53<22:25,  4.81s/it]{'hit@1': 0.05561023622047244, 'hit@5': 0.07726377952755906, 'hit@10': 0.09153543307086615, 'ndcg@5': 0.06670384139073297, 'ndcg@10': 0.07128434262417276}
 83%|██████████████████████████████▌      | 1279/1549 [2:16:41<22:08,  4.92s/it]{'hit@1': 0.05546875, 'hit@5': 0.077294921875, 'hit@10': 0.0916015625, 'ndcg@5': 0.06666110750431879, 'ndcg@10': 0.07125331878962417}
 83%|██████████████████████████████▊      | 1289/1549 [2:17:34<22:24,  5.17s/it]{'hit@1': 0.05562015503875969, 'hit@5': 0.07737403100775193, 'hit@10': 0.09171511627906977, 'ndcg@5': 0.06676323581893984, 'ndcg@10': 0.07136639589710192}
 84%|███████████████████████████████      | 1299/1549 [2:18:24<20:17,  4.87s/it]{'hit@1': 0.055721153846153844, 'hit@5': 0.07754807692307693, 'hit@10': 0.09182692307692308, 'ndcg@5': 0.06690586055852384, 'ndcg@10': 0.0714896373540334}
 85%|███████████████████████████████▎     | 1309/1549 [2:19:16<21:11,  5.30s/it]{'hit@1': 0.055916030534351145, 'hit@5': 0.07776717557251908, 'hit@10': 0.09203244274809161, 'ndcg@5': 0.06711247446273416, 'ndcg@10': 0.07169415852127616}
 85%|███████████████████████████████▌     | 1319/1549 [2:20:07<19:43,  5.15s/it]{'hit@1': 0.05601325757575758, 'hit@5': 0.07788825757575757, 'hit@10': 0.09204545454545454, 'ndcg@5': 0.06722541085995255, 'ndcg@10': 0.07177238519077832}
 86%|███████████████████████████████▋     | 1329/1549 [2:20:56<18:30,  5.05s/it]{'hit@1': 0.05620300751879699, 'hit@5': 0.07810150375939849, 'hit@10': 0.09219924812030075, 'ndcg@5': 0.06741301143259301, 'ndcg@10': 0.07193994413290807}
 86%|███████████████████████████████▉     | 1339/1549 [2:21:49<17:36,  5.03s/it]{'hit@1': 0.05625, 'hit@5': 0.07803171641791044, 'hit@10': 0.0921641791044776, 'ndcg@5': 0.06739439067597079, 'ndcg@10': 0.07193425108003974}
 87%|████████████████████████████████▏    | 1349/1549 [2:22:42<17:24,  5.22s/it]{'hit@1': 0.05652777777777778, 'hit@5': 0.07833333333333334, 'hit@10': 0.09236111111111112, 'ndcg@5': 0.06767173341237422, 'ndcg@10': 0.07217796522085747}
 88%|████████████████████████████████▍    | 1359/1549 [2:23:34<15:09,  4.79s/it]{'hit@1': 0.05657169117647059, 'hit@5': 0.0783547794117647, 'hit@10': 0.09241727941176471, 'ndcg@5': 0.06770547095675221, 'ndcg@10': 0.07222260672153503}
 88%|████████████████████████████████▋    | 1369/1549 [2:24:23<15:11,  5.07s/it]{'hit@1': 0.05675182481751825, 'hit@5': 0.07851277372262774, 'hit@10': 0.09274635036496351, 'ndcg@5': 0.06788471293458354, 'ndcg@10': 0.07245335964760963}
 89%|████████████████████████████████▉    | 1379/1549 [2:25:11<13:15,  4.68s/it]{'hit@1': 0.05697463768115942, 'hit@5': 0.0787590579710145, 'hit@10': 0.09298007246376812, 'ndcg@5': 0.0681060286888339, 'ndcg@10': 0.07266949022968451}
 90%|█████████████████████████████████▏   | 1389/1549 [2:25:59<12:47,  4.80s/it]{'hit@1': 0.05710431654676259, 'hit@5': 0.07886690647482014, 'hit@10': 0.09303057553956834, 'ndcg@5': 0.06822387122348285, 'ndcg@10': 0.07276949011535852}
 90%|█████████████████████████████████▍   | 1399/1549 [2:26:47<11:56,  4.77s/it]{'hit@1': 0.05709821428571429, 'hit@5': 0.07892857142857143, 'hit@10': 0.09303571428571429, 'ndcg@5': 0.06824764978255081, 'ndcg@10': 0.07277568092043689}
 91%|█████████████████████████████████▋   | 1409/1549 [2:27:37<11:55,  5.11s/it]{'hit@1': 0.057358156028368794, 'hit@5': 0.07916666666666666, 'hit@10': 0.09321808510638298, 'ndcg@5': 0.06849272226276674, 'ndcg@10': 0.07300145286183439}
 92%|█████████████████████████████████▉   | 1419/1549 [2:28:27<10:51,  5.01s/it]{'hit@1': 0.057526408450704225, 'hit@5': 0.07935739436619718, 'hit@10': 0.09348591549295775, 'ndcg@5': 0.06866527068331738, 'ndcg@10': 0.07320036894867735}
 92%|██████████████████████████████████▏  | 1429/1549 [2:29:14<09:17,  4.65s/it]{'hit@1': 0.05791083916083916, 'hit@5': 0.07976398601398602, 'hit@10': 0.09383741258741259, 'ndcg@5': 0.06906077425902897, 'ndcg@10': 0.07357972704644535}
 93%|██████████████████████████████████▎  | 1439/1549 [2:30:02<08:34,  4.67s/it]{'hit@1': 0.058159722222222224, 'hit@5': 0.07999131944444444, 'hit@10': 0.09418402777777778, 'ndcg@5': 0.06928450074735787, 'ndcg@10': 0.07383750680057759}
 94%|██████████████████████████████████▌  | 1449/1549 [2:30:49<07:56,  4.76s/it]{'hit@1': 0.0584051724137931, 'hit@5': 0.0802155172413793, 'hit@10': 0.09439655172413793, 'ndcg@5': 0.06951190734203759, 'ndcg@10': 0.07406132680236553}
 94%|██████████████████████████████████▊  | 1459/1549 [2:31:37<07:15,  4.84s/it]{'hit@1': 0.05851883561643836, 'hit@5': 0.08039383561643836, 'hit@10': 0.09464897260273973, 'ndcg@5': 0.06965431119238663, 'ndcg@10': 0.0742298621431644}
 95%|███████████████████████████████████  | 1469/1549 [2:32:23<06:07,  4.59s/it]{'hit@1': 0.05901360544217687, 'hit@5': 0.08078231292517007, 'hit@10': 0.09511054421768707, 'ndcg@5': 0.07009164056174427, 'ndcg@10': 0.07468736589782421}
 95%|███████████████████████████████████▎ | 1479/1549 [2:33:10<05:25,  4.66s/it]{'hit@1': 0.05907939189189189, 'hit@5': 0.08086993243243243, 'hit@10': 0.09514358108108108, 'ndcg@5': 0.07016193081457676, 'ndcg@10': 0.07473992594892585}
 96%|███████████████████████████████████▌ | 1489/1549 [2:33:59<05:03,  5.07s/it]{'hit@1': 0.059395973154362416, 'hit@5': 0.08133389261744967, 'hit@10': 0.09563758389261745, 'ndcg@5': 0.07054952866480131, 'ndcg@10': 0.07513553340207905}
 97%|███████████████████████████████████▊ | 1499/1549 [2:34:44<03:50,  4.61s/it]{'hit@1': 0.059708333333333335, 'hit@5': 0.08179166666666667, 'hit@10': 0.096, 'ndcg@5': 0.07094030242683529, 'ndcg@10': 0.07549573379919784}
 97%|████████████████████████████████████ | 1509/1549 [2:35:33<03:11,  4.78s/it]{'hit@1': 0.05997516556291391, 'hit@5': 0.08207781456953642, 'hit@10': 0.0962748344370861, 'ndcg@5': 0.07123179004572688, 'ndcg@10': 0.07578390722895618}
 98%|████████████████████████████████████▎| 1519/1549 [2:36:15<02:03,  4.12s/it]{'hit@1': 0.06015625, 'hit@5': 0.0822779605263158, 'hit@10': 0.09654605263157895, 'ndcg@5': 0.07142431892998406, 'ndcg@10': 0.07600245888603485}
 99%|████████████████████████████████████▌| 1529/1549 [2:36:59<01:27,  4.36s/it]{'hit@1': 0.06037581699346405, 'hit@5': 0.0826797385620915, 'hit@10': 0.09693627450980392, 'ndcg@5': 0.0717265944106636, 'ndcg@10': 0.07630072541802276}
 99%|████████████████████████████████████▊| 1539/1549 [2:37:42<00:42,  4.21s/it]{'hit@1': 0.060673701298701296, 'hit@5': 0.08287337662337663, 'hit@10': 0.09707792207792208, 'ndcg@5': 0.07197637828435943, 'ndcg@10': 0.07653526360283591}
100%|█████████████████████████████████████| 1549/1549 [2:38:21<00:00,  6.13s/it]
======================================================
Prompt 0 results:  {'hit@1': 0.06079444534151461, 'hit@5': 0.08311803649281446, 'hit@10': 0.09740836428225416, 'ndcg@5': 0.07215383817069172, 'ndcg@10': 0.07674159363349568}
======================================================

======================================================
Mean results:  {'hit@1': 0.06079444534151461, 'hit@5': 0.08311803649281446, 'hit@10': 0.09740836428225416, 'ndcg@5': 0.07215383817069172, 'ndcg@10': 0.07674159363349568}
Min results:  {'hit@1': 0.06079444534151461, 'hit@5': 0.08311803649281446, 'hit@10': 0.09740836428225416, 'ndcg@5': 0.07215383817069172, 'ndcg@10': 0.07674159363349568}
Max results:  {'hit@1': 0.06079444534151461, 'hit@5': 0.08311803649281446, 'hit@10': 0.09740836428225416, 'ndcg@5': 0.07215383817069172, 'ndcg@10': 0.07674159363349568}
======================================================