  1%|█▎                                                                                                          | 19/1549 [02:19<3:10:34,  7.47s/it]{'hit@1': 0.04375, 'hit@5': 0.05625, 'hit@10': 0.06875, 'ndcg@5': 0.05046472598242955, 'ndcg@10': 0.0542911577042395}
  3%|██▋                                                                                                         | 39/1549 [04:49<3:09:30,  7.53s/it]{'hit@1': 0.053125, 'hit@5': 0.0734375, 'hit@10': 0.084375, 'ndcg@5': 0.0636654433556786, 'ndcg@10': 0.06711323975322794}
  4%|████                                                                                                        | 59/1549 [07:16<3:05:16,  7.46s/it]{'hit@1': 0.051041666666666666, 'hit@5': 0.07395833333333333, 'hit@10': 0.08541666666666667, 'ndcg@5': 0.06272096398679135, 'ndcg@10': 0.06634629914268018}
  5%|█████▌                                                                                                      | 79/1549 [09:45<3:04:11,  7.52s/it]{'hit@1': 0.04921875, 'hit@5': 0.06953125, 'hit@10': 0.0828125, 'ndcg@5': 0.05956850824135289, 'ndcg@10': 0.06384655329056045}
  6%|██████▉                                                                                                     | 99/1549 [12:14<2:57:59,  7.37s/it]{'hit@1': 0.044375, 'hit@5': 0.06375, 'hit@10': 0.07625, 'ndcg@5': 0.05454463097701095, 'ndcg@10': 0.058567527572759265}
  8%|████████▏                                                                                                  | 119/1549 [14:43<2:58:40,  7.50s/it]{'hit@1': 0.03958333333333333, 'hit@5': 0.059895833333333336, 'hit@10': 0.07135416666666666, 'ndcg@5': 0.05012377668901193, 'ndcg@10': 0.05383532620653207}
  9%|█████████▌                                                                                                 | 139/1549 [17:13<2:56:44,  7.52s/it]{'hit@1': 0.039285714285714285, 'hit@5': 0.05892857142857143, 'hit@10': 0.07142857142857142, 'ndcg@5': 0.049440944943494256, 'ndcg@10': 0.05346986235433678}
 10%|██████████▉                                                                                                | 159/1549 [19:39<2:52:10,  7.43s/it]{'hit@1': 0.03984375, 'hit@5': 0.059765625, 'hit@10': 0.071484375, 'ndcg@5': 0.05012777560385858, 'ndcg@10': 0.05390513771859029}
 12%|████████████▎                                                                                              | 179/1549 [22:06<2:37:39,  6.90s/it]{'hit@1': 0.042708333333333334, 'hit@5': 0.06180555555555556, 'hit@10': 0.07256944444444445, 'ndcg@5': 0.05257169945080861, 'ndcg@10': 0.05605303771498264}
 13%|█████████████▋                                                                                             | 199/1549 [24:32<2:42:28,  7.22s/it]{'hit@1': 0.0434375, 'hit@5': 0.0628125, 'hit@10': 0.0753125, 'ndcg@5': 0.05352861454648794, 'ndcg@10': 0.057551180990699564}
 14%|███████████████▏                                                                                           | 219/1549 [27:00<2:38:47,  7.16s/it]{'hit@1': 0.044602272727272727, 'hit@5': 0.06477272727272727, 'hit@10': 0.07727272727272727, 'ndcg@5': 0.05511417192465447, 'ndcg@10': 0.059150258616513685}
 15%|████████████████▌                                                                                          | 239/1549 [29:28<2:44:10,  7.52s/it]{'hit@1': 0.046614583333333334, 'hit@5': 0.06692708333333333, 'hit@10': 0.07916666666666666, 'ndcg@5': 0.05722813217490752, 'ndcg@10': 0.0611767667187432}
 17%|█████████████████▉                                                                                         | 259/1549 [31:55<2:39:34,  7.42s/it]{'hit@1': 0.046634615384615385, 'hit@5': 0.06586538461538462, 'hit@10': 0.07836538461538461, 'ndcg@5': 0.05665545771868228, 'ndcg@10': 0.06071522103416908}
 18%|███████████████████▎                                                                                       | 279/1549 [34:21<2:28:42,  7.03s/it]{'hit@1': 0.04486607142857143, 'hit@5': 0.0640625, 'hit@10': 0.07745535714285715, 'ndcg@5': 0.054877946201986987, 'ndcg@10': 0.05920989793568104}
 19%|████████████████████▋                                                                                      | 299/1549 [36:48<2:35:02,  7.44s/it]{'hit@1': 0.04416666666666667, 'hit@5': 0.06333333333333334, 'hit@10': 0.07666666666666666, 'ndcg@5': 0.05424519124983074, 'ndcg@10': 0.05854945618319991}
 21%|██████████████████████                                                                                     | 319/1549 [39:16<2:31:39,  7.40s/it]{'hit@1': 0.0466796875, 'hit@5': 0.0658203125, 'hit@10': 0.0794921875, 'ndcg@5': 0.0567553196533613, 'ndcg@10': 0.06117868071212135}
 22%|███████████████████████▍                                                                                   | 339/1549 [41:42<2:29:21,  7.41s/it]{'hit@1': 0.04724264705882353, 'hit@5': 0.06672794117647059, 'hit@10': 0.08033088235294118, 'ndcg@5': 0.05744999606871463, 'ndcg@10': 0.06184355057865471}
 23%|████████████████████████▊                                                                                  | 359/1549 [44:03<2:19:20,  7.03s/it]{'hit@1': 0.04739583333333333, 'hit@5': 0.06684027777777778, 'hit@10': 0.08072916666666667, 'ndcg@5': 0.057543471621988584, 'ndcg@10': 0.06202671238577585}
 24%|██████████████████████████▏                                                                                | 379/1549 [46:30<2:22:10,  7.29s/it]{'hit@1': 0.04786184210526316, 'hit@5': 0.06726973684210526, 'hit@10': 0.08174342105263158, 'ndcg@5': 0.05794893622033011, 'ndcg@10': 0.0626223149920334}
 26%|███████████████████████████▌                                                                               | 399/1549 [48:50<2:18:20,  7.22s/it]{'hit@1': 0.048125, 'hit@5': 0.06734375, 'hit@10': 0.08171875, 'ndcg@5': 0.05810678459390159, 'ndcg@10': 0.06273820190557515}
 27%|████████████████████████████▉                                                                              | 419/1549 [51:13<2:15:51,  7.21s/it]{'hit@1': 0.04925595238095238, 'hit@5': 0.06889880952380953, 'hit@10': 0.08363095238095238, 'ndcg@5': 0.05942703319652614, 'ndcg@10': 0.06418128697452252}
 28%|██████████████████████████████▎                                                                            | 439/1549 [53:33<2:14:49,  7.29s/it]{'hit@1': 0.04928977272727273, 'hit@5': 0.06860795454545454, 'hit@10': 0.08323863636363636, 'ndcg@5': 0.05932234448133589, 'ndcg@10': 0.06403102533366865}
 30%|███████████████████████████████▋                                                                           | 459/1549 [55:52<2:04:53,  6.87s/it]{'hit@1': 0.049592391304347824, 'hit@5': 0.06875, 'hit@10': 0.0827445652173913, 'ndcg@5': 0.05951201641651596, 'ndcg@10': 0.06401597201439949}
 31%|█████████████████████████████████                                                                          | 479/1549 [58:09<2:01:42,  6.82s/it]{'hit@1': 0.04934895833333333, 'hit@5': 0.06861979166666667, 'hit@10': 0.08255208333333333, 'ndcg@5': 0.0592600857247579, 'ndcg@10': 0.0637411282095224}
 32%|█████████████████████████████████▊                                                                       | 499/1549 [1:00:31<1:56:21,  6.65s/it]{'hit@1': 0.04925, 'hit@5': 0.068625, 'hit@10': 0.0825, 'ndcg@5': 0.059197962505728265, 'ndcg@10': 0.06366525127228201}
 34%|███████████████████████████████████▏                                                                     | 519/1549 [1:02:49<2:01:26,  7.07s/it]{'hit@1': 0.05024038461538462, 'hit@5': 0.06971153846153846, 'hit@10': 0.08365384615384615, 'ndcg@5': 0.06017421097770618, 'ndcg@10': 0.0646557821475196}
 35%|████████████████████████████████████▌                                                                    | 539/1549 [1:05:12<1:56:42,  6.93s/it]{'hit@1': 0.049652777777777775, 'hit@5': 0.06909722222222223, 'hit@10': 0.08310185185185186, 'ndcg@5': 0.05956501368104557, 'ndcg@10': 0.06406619554733138}
 36%|█████████████████████████████████████▉                                                                   | 559/1549 [1:07:28<1:52:14,  6.80s/it]{'hit@1': 0.05044642857142857, 'hit@5': 0.06997767857142857, 'hit@10': 0.08404017857142858, 'ndcg@5': 0.060406126075612764, 'ndcg@10': 0.06493206959176327}
 37%|███████████████████████████████████████▏                                                                 | 579/1549 [1:09:44<1:42:42,  6.35s/it]{'hit@1': 0.050215517241379314, 'hit@5': 0.06928879310344828, 'hit@10': 0.08308189655172414, 'ndcg@5': 0.05993953552128129, 'ndcg@10': 0.0643861808099585}
 39%|████████████████████████████████████████▌                                                                | 599/1549 [1:12:02<1:46:27,  6.72s/it]{'hit@1': 0.050104166666666665, 'hit@5': 0.06895833333333333, 'hit@10': 0.0828125, 'ndcg@5': 0.05972521898549792, 'ndcg@10': 0.06418866271609218}
 40%|█████████████████████████████████████████▉                                                               | 619/1549 [1:14:19<1:50:07,  7.10s/it]{'hit@1': 0.04969758064516129, 'hit@5': 0.06834677419354838, 'hit@10': 0.08256048387096775, 'ndcg@5': 0.05921789225133375, 'ndcg@10': 0.06380477460111292}
 41%|███████████████████████████████████████████▎                                                             | 639/1549 [1:16:32<1:43:34,  6.83s/it]{'hit@1': 0.05009765625, 'hit@5': 0.06865234375, 'hit@10': 0.0828125, 'ndcg@5': 0.05955956545430763, 'ndcg@10': 0.06412491749674544}
 43%|████████████████████████████████████████████▋                                                            | 659/1549 [1:18:44<1:35:34,  6.44s/it]{'hit@1': 0.05009469696969697, 'hit@5': 0.06875, 'hit@10': 0.0824810606060606, 'ndcg@5': 0.059646034884969244, 'ndcg@10': 0.06407304292612107}
 44%|██████████████████████████████████████████████                                                           | 679/1549 [1:20:57<1:31:13,  6.29s/it]{'hit@1': 0.05, 'hit@5': 0.06856617647058824, 'hit@10': 0.0822610294117647, 'ndcg@5': 0.05950346447673595, 'ndcg@10': 0.06391523498372217}
 45%|███████████████████████████████████████████████▍                                                         | 699/1549 [1:23:09<1:36:01,  6.78s/it]{'hit@1': 0.04991071428571429, 'hit@5': 0.06866071428571428, 'hit@10': 0.08241071428571428, 'ndcg@5': 0.05948048790641788, 'ndcg@10': 0.06390991631859119}
 46%|████████████████████████████████████████████████▋                                                        | 719/1549 [1:25:22<1:29:09,  6.45s/it]{'hit@1': 0.04991319444444445, 'hit@5': 0.06918402777777778, 'hit@10': 0.08272569444444444, 'ndcg@5': 0.05979413161366802, 'ndcg@10': 0.064151743856578}
 48%|██████████████████████████████████████████████████                                                       | 739/1549 [1:27:37<1:35:15,  7.06s/it]{'hit@1': 0.0495777027027027, 'hit@5': 0.06891891891891892, 'hit@10': 0.08260135135135135, 'ndcg@5': 0.05947108673357571, 'ndcg@10': 0.06387287878648423}
 49%|███████████████████████████████████████████████████▍                                                     | 759/1549 [1:29:41<1:23:19,  6.33s/it]{'hit@1': 0.04975328947368421, 'hit@5': 0.06907894736842106, 'hit@10': 0.08297697368421053, 'ndcg@5': 0.05963746349563318, 'ndcg@10': 0.06410795003640332}
 50%|████████████████████████████████████████████████████▊                                                    | 779/1549 [1:31:51<1:24:12,  6.56s/it]{'hit@1': 0.05048076923076923, 'hit@5': 0.06995192307692308, 'hit@10': 0.08357371794871794, 'ndcg@5': 0.060413264790952464, 'ndcg@10': 0.06479324446494517}
 52%|██████████████████████████████████████████████████████▏                                                  | 799/1549 [1:33:54<1:17:53,  6.23s/it]{'hit@1': 0.050859375, 'hit@5': 0.07046875, 'hit@10': 0.084140625, 'ndcg@5': 0.06088753119393165, 'ndcg@10': 0.06527944558770632}
 53%|███████████████████████████████████████████████████████▌                                                 | 819/1549 [1:35:59<1:21:01,  6.66s/it]{'hit@1': 0.051448170731707314, 'hit@5': 0.07103658536585365, 'hit@10': 0.08460365853658537, 'ndcg@5': 0.061479766894755046, 'ndcg@10': 0.06583915024742845}
 54%|████████████████████████████████████████████████████████▊                                                | 839/1549 [1:38:09<1:17:13,  6.53s/it]{'hit@1': 0.0515625, 'hit@5': 0.07150297619047619, 'hit@10': 0.08519345238095238, 'ndcg@5': 0.06179960712740709, 'ndcg@10': 0.0661960212811662}
 55%|██████████████████████████████████████████████████████████▏                                              | 859/1549 [1:40:12<1:08:45,  5.98s/it]{'hit@1': 0.05188953488372093, 'hit@5': 0.07194767441860465, 'hit@10': 0.08546511627906976, 'ndcg@5': 0.06218951416979992, 'ndcg@10': 0.06652657093204588}
 57%|███████████████████████████████████████████████████████████▌                                             | 879/1549 [1:42:11<1:04:11,  5.75s/it]{'hit@1': 0.05184659090909091, 'hit@5': 0.07244318181818182, 'hit@10': 0.08600852272727273, 'ndcg@5': 0.062395544643625435, 'ndcg@10': 0.06674654553732463}
 58%|████████████████████████████████████████████████████████████▉                                            | 899/1549 [1:44:20<1:09:31,  6.42s/it]{'hit@1': 0.052222222222222225, 'hit@5': 0.07284722222222222, 'hit@10': 0.08645833333333333, 'ndcg@5': 0.06281136556629204, 'ndcg@10': 0.06717669327456889}
 59%|██████████████████████████████████████████████████████████████▎                                          | 919/1549 [1:46:25<1:05:02,  6.19s/it]{'hit@1': 0.05190217391304348, 'hit@5': 0.07241847826086957, 'hit@10': 0.08648097826086956, 'ndcg@5': 0.06244105818403414, 'ndcg@10': 0.06694484322186751}
 61%|████████████████████████████████████████████████████████████████▊                                          | 939/1549 [1:48:28<57:16,  5.63s/it]{'hit@1': 0.052127659574468084, 'hit@5': 0.07267287234042553, 'hit@10': 0.08683510638297873, 'ndcg@5': 0.06266817119060779, 'ndcg@10': 0.06719988707815164}
 62%|█████████████████████████████████████████████████████████████████                                        | 959/1549 [1:50:37<1:02:45,  6.38s/it]{'hit@1': 0.05279947916666667, 'hit@5': 0.07356770833333333, 'hit@10': 0.08763020833333333, 'ndcg@5': 0.06342049829077274, 'ndcg@10': 0.06792439678051454}
 63%|██████████████████████████████████████████████████████████████████▎                                      | 979/1549 [1:52:36<1:01:17,  6.45s/it]{'hit@1': 0.05267857142857143, 'hit@5': 0.0735969387755102, 'hit@10': 0.0875, 'ndcg@5': 0.06336717973824445, 'ndcg@10': 0.06782199816084189}
 64%|█████████████████████████████████████████████████████████████████████                                      | 999/1549 [1:54:38<56:46,  6.19s/it]{'hit@1': 0.05275, 'hit@5': 0.07375, 'hit@10': 0.0874375, 'ndcg@5': 0.06347657664293768, 'ndcg@10': 0.06786036524872809}
 66%|█████████████████████████████████████████████████████████████████████▋                                    | 1019/1549 [1:56:36<49:41,  5.63s/it]{'hit@1': 0.05318627450980392, 'hit@5': 0.07408088235294118, 'hit@10': 0.08786764705882352, 'ndcg@5': 0.06385948729158382, 'ndcg@10': 0.06827460426372439}
 67%|███████████████████████████████████████████████████████████████████████                                   | 1039/1549 [1:58:35<55:47,  6.56s/it]{'hit@1': 0.05330528846153846, 'hit@5': 0.07403846153846154, 'hit@10': 0.08804086538461539, 'ndcg@5': 0.06388770841145966, 'ndcg@10': 0.06836640087877636}
 68%|████████████████████████████████████████████████████████████████████████▍                                 | 1059/1549 [2:00:34<47:36,  5.83s/it]{'hit@1': 0.05365566037735849, 'hit@5': 0.07464622641509434, 'hit@10': 0.08856132075471698, 'ndcg@5': 0.06435921049264662, 'ndcg@10': 0.06881110011545966}
 70%|█████████████████████████████████████████████████████████████████████████▊                                | 1079/1549 [2:02:30<48:10,  6.15s/it]{'hit@1': 0.05381944444444445, 'hit@5': 0.07482638888888889, 'hit@10': 0.08877314814814814, 'ndcg@5': 0.0645279094551974, 'ndcg@10': 0.06898937605386007}
 71%|███████████████████████████████████████████████████████████████████████████▏                              | 1099/1549 [2:04:26<48:10,  6.42s/it]{'hit@1': 0.05392045454545454, 'hit@5': 0.07494318181818181, 'hit@10': 0.08914772727272727, 'ndcg@5': 0.06464008454597164, 'ndcg@10': 0.06918725031075074}
 72%|████████████████████████████████████████████████████████████████████████████▌                             | 1119/1549 [2:06:20<37:57,  5.30s/it]{'hit@1': 0.05385044642857143, 'hit@5': 0.07494419642857143, 'hit@10': 0.08922991071428571, 'ndcg@5': 0.06460097724607101, 'ndcg@10': 0.06917375158376815}
 74%|█████████████████████████████████████████████████████████████████████████████▉                            | 1139/1549 [2:08:10<36:31,  5.34s/it]{'hit@1': 0.05411184210526316, 'hit@5': 0.07549342105263158, 'hit@10': 0.08991228070175439, 'ndcg@5': 0.06498186056577003, 'ndcg@10': 0.06959645190920821}
 75%|███████████████████████████████████████████████████████████████████████████████▎                          | 1159/1549 [2:10:07<37:41,  5.80s/it]{'hit@1': 0.05457974137931035, 'hit@5': 0.07580818965517241, 'hit@10': 0.09014008620689655, 'ndcg@5': 0.06537811686605727, 'ndcg@10': 0.06996491013084845}
 76%|████████████████████████████████████████████████████████████████████████████████▋                         | 1179/1549 [2:12:03<36:45,  5.96s/it]{'hit@1': 0.05466101694915254, 'hit@5': 0.0760063559322034, 'hit@10': 0.0902542372881356, 'ndcg@5': 0.06550002941029219, 'ndcg@10': 0.07005920234480566}
 77%|██████████████████████████████████████████████████████████████████████████████████                        | 1199/1549 [2:13:52<30:36,  5.25s/it]{'hit@1': 0.054739583333333335, 'hit@5': 0.07635416666666667, 'hit@10': 0.09052083333333333, 'ndcg@5': 0.065732353776998, 'ndcg@10': 0.07026594136376596}
 79%|███████████████████████████████████████████████████████████████████████████████████▍                      | 1219/1549 [2:15:41<29:12,  5.31s/it]{'hit@1': 0.05471311475409836, 'hit@5': 0.07633196721311475, 'hit@10': 0.090625, 'ndcg@5': 0.06572825758661481, 'ndcg@10': 0.07030609344888371}
 80%|████████████████████████████████████████████████████████████████████████████████████▊                     | 1239/1549 [2:17:31<30:32,  5.91s/it]{'hit@1': 0.0545866935483871, 'hit@5': 0.07620967741935483, 'hit@10': 0.0905241935483871, 'ndcg@5': 0.0656076906892549, 'ndcg@10': 0.07019136578959981}
 81%|██████████████████████████████████████████████████████████████████████████████████████▏                   | 1259/1549 [2:19:18<25:04,  5.19s/it]{'hit@1': 0.05441468253968254, 'hit@5': 0.07604166666666666, 'hit@10': 0.09047619047619047, 'ndcg@5': 0.06543917434067828, 'ndcg@10': 0.07006413414284172}
 83%|███████████████████████████████████████████████████████████████████████████████████████▌                  | 1279/1549 [2:20:57<22:08,  4.92s/it]{'hit@1': 0.0544921875, 'hit@5': 0.076220703125, 'hit@10': 0.09052734375, 'ndcg@5': 0.065561228281139, 'ndcg@10': 0.07014344113830298}
 84%|████████████████████████████████████████████████████████████████████████████████████████▉                 | 1299/1549 [2:22:42<20:56,  5.03s/it]{'hit@1': 0.054663461538461536, 'hit@5': 0.07649038461538461, 'hit@10': 0.09096153846153845, 'ndcg@5': 0.06578570516885118, 'ndcg@10': 0.07041891571131091}
 85%|██████████████████████████████████████████████████████████████████████████████████████████▎               | 1319/1549 [2:24:27<20:16,  5.29s/it]{'hit@1': 0.055113636363636365, 'hit@5': 0.07675189393939394, 'hit@10': 0.09114583333333333, 'ndcg@5': 0.06614750016938073, 'ndcg@10': 0.0707549169458769}
 86%|███████████████████████████████████████████████████████████████████████████████████████████▋              | 1339/1549 [2:26:13<18:01,  5.15s/it]{'hit@1': 0.055317164179104476, 'hit@5': 0.07737873134328359, 'hit@10': 0.09165111940298508, 'ndcg@5': 0.06656771286767858, 'ndcg@10': 0.0711345585776927}
 88%|████████████████████████████████████████████████████████████████████████████████████████████▉             | 1359/1549 [2:28:00<15:27,  4.88s/it]{'hit@1': 0.05551470588235294, 'hit@5': 0.07752757352941177, 'hit@10': 0.09181985294117648, 'ndcg@5': 0.06674333531738597, 'ndcg@10': 0.0713163257696797}
 89%|██████████████████████████████████████████████████████████████████████████████████████████████▎           | 1379/1549 [2:29:40<13:32,  4.78s/it]{'hit@1': 0.05588768115942029, 'hit@5': 0.07794384057971014, 'hit@10': 0.0922554347826087, 'ndcg@5': 0.06714820657314646, 'ndcg@10': 0.07172916857351494}
 90%|███████████████████████████████████████████████████████████████████████████████████████████████▋          | 1399/1549 [2:31:18<12:08,  4.86s/it]{'hit@1': 0.055848214285714286, 'hit@5': 0.07803571428571429, 'hit@10': 0.09232142857142857, 'ndcg@5': 0.06717312641460763, 'ndcg@10': 0.07174577267847186}
 92%|█████████████████████████████████████████████████████████████████████████████████████████████████         | 1419/1549 [2:33:00<11:09,  5.15s/it]{'hit@1': 0.056294014084507044, 'hit@5': 0.0786531690140845, 'hit@10': 0.09282570422535211, 'ndcg@5': 0.06770926901377283, 'ndcg@10': 0.07224591286606091}
 93%|██████████████████████████████████████████████████████████████████████████████████████████████████▍       | 1439/1549 [2:34:38<08:42,  4.75s/it]{'hit@1': 0.05694444444444444, 'hit@5': 0.07907986111111111, 'hit@10': 0.09322916666666667, 'ndcg@5': 0.06823964604167333, 'ndcg@10': 0.07276590651500744}
 94%|███████████████████████████████████████████████████████████████████████████████████████████████████▊      | 1459/1549 [2:36:15<07:27,  4.97s/it]{'hit@1': 0.05740582191780822, 'hit@5': 0.07953767123287671, 'hit@10': 0.09387842465753425, 'ndcg@5': 0.06869764597267833, 'ndcg@10': 0.07328743577336952}
 95%|█████████████████████████████████████████████████████████████████████████████████████████████████████▏    | 1479/1549 [2:37:50<05:33,  4.76s/it]{'hit@1': 0.05789695945945946, 'hit@5': 0.0799831081081081, 'hit@10': 0.09429898648648649, 'ndcg@5': 0.06916330554697171, 'ndcg@10': 0.07374557048662535}
 97%|██████████████████████████████████████████████████████████████████████████████████████████████████████▌   | 1499/1549 [2:39:26<03:54,  4.69s/it]{'hit@1': 0.058416666666666665, 'hit@5': 0.08058333333333334, 'hit@10': 0.09516666666666666, 'ndcg@5': 0.06975013876799137, 'ndcg@10': 0.07441957623412207}
 98%|███████████████████████████████████████████████████████████████████████████████████████████████████████▉  | 1519/1549 [2:40:58<02:07,  4.25s/it]{'hit@1': 0.05875822368421053, 'hit@5': 0.08104440789473684, 'hit@10': 0.09564144736842105, 'ndcg@5': 0.0701654591975262, 'ndcg@10': 0.07483904469943188}
 99%|█████████████████████████████████████████████████████████████████████████████████████████████████████████▎| 1539/1549 [2:42:26<00:42,  4.30s/it]{'hit@1': 0.059375, 'hit@5': 0.08169642857142857, 'hit@10': 0.09622564935064935, 'ndcg@5': 0.07080777636979653, 'ndcg@10': 0.07546086768158432}
100%|██████████████████████████████████████████████████████████████████████████████████████████████████████████| 1549/1549 [2:43:06<00:00,  6.32s/it]